INFO 2025-07-10 21:08:33,321 autoreload 3428 130546425508096 Watching for file changes with StatReloader
INFO 2025-07-10 21:24:23,430 autoreload 4594 135268612288768 Watching for file changes with StatReloader
INFO 2025-07-10 21:24:39,228 autoreload 4664 139115697053952 Watching for file changes with StatReloader
ERROR 2025-07-10 21:24:47,677 log 4664 139115645884096 Internal Server Error: /
Traceback (most recent call last):
  File "/workspace/bigteam_new/venv/lib/python3.13/site-packages/django/core/handlers/exception.py", line 55, in inner
    response = get_response(request)
  File "/workspace/bigteam_new/venv/lib/python3.13/site-packages/django/core/handlers/base.py", line 197, in _get_response
    response = wrapped_callback(request, *callback_args, **callback_kwargs)
  File "/workspace/bigteam_new/commits/views.py", line 17, in home
    return render(request, 'home.html', {
        'projects': projects,
    })
  File "/workspace/bigteam_new/venv/lib/python3.13/site-packages/django/shortcuts.py", line 24, in render
    content = loader.render_to_string(template_name, context, request, using=using)
  File "/workspace/bigteam_new/venv/lib/python3.13/site-packages/django/template/loader.py", line 62, in render_to_string
    return template.render(context, request)
           ~~~~~~~~~~~~~~~^^^^^^^^^^^^^^^^^^
  File "/workspace/bigteam_new/venv/lib/python3.13/site-packages/django/template/backends/django.py", line 61, in render
    return self.template.render(context)
           ~~~~~~~~~~~~~~~~~~~~^^^^^^^^^
  File "/workspace/bigteam_new/venv/lib/python3.13/site-packages/django/template/base.py", line 175, in render
    return self._render(context)
           ~~~~~~~~~~~~^^^^^^^^^
  File "/workspace/bigteam_new/venv/lib/python3.13/site-packages/django/test/utils.py", line 112, in instrumented_test_render
    return self.nodelist.render(context)
           ~~~~~~~~~~~~~~~~~~~~^^^^^^^^^
  File "/workspace/bigteam_new/venv/lib/python3.13/site-packages/django/template/base.py", line 1005, in render
    return SafeString("".join([node.render_annotated(context) for node in self]))
                               ~~~~~~~~~~~~~~~~~~~~~^^^^^^^^^
  File "/workspace/bigteam_new/venv/lib/python3.13/site-packages/django/template/base.py", line 966, in render_annotated
    return self.render(context)
           ~~~~~~~~~~~^^^^^^^^^
  File "/workspace/bigteam_new/venv/lib/python3.13/site-packages/django/template/loader_tags.py", line 157, in render
    return compiled_parent._render(context)
           ~~~~~~~~~~~~~~~~~~~~~~~^^^^^^^^^
  File "/workspace/bigteam_new/venv/lib/python3.13/site-packages/django/test/utils.py", line 112, in instrumented_test_render
    return self.nodelist.render(context)
           ~~~~~~~~~~~~~~~~~~~~^^^^^^^^^
  File "/workspace/bigteam_new/venv/lib/python3.13/site-packages/django/template/base.py", line 1005, in render
    return SafeString("".join([node.render_annotated(context) for node in self]))
                               ~~~~~~~~~~~~~~~~~~~~~^^^^^^^^^
  File "/workspace/bigteam_new/venv/lib/python3.13/site-packages/django/template/base.py", line 966, in render_annotated
    return self.render(context)
           ~~~~~~~~~~~^^^^^^^^^
  File "/workspace/bigteam_new/venv/lib/python3.13/site-packages/django/template/defaulttags.py", line 471, in render
    url = reverse(view_name, args=args, kwargs=kwargs, current_app=current_app)
  File "/workspace/bigteam_new/venv/lib/python3.13/site-packages/django/urls/base.py", line 88, in reverse
    return resolver._reverse_with_prefix(view, prefix, *args, **kwargs)
           ~~~~~~~~~~~~~~~~~~~~~~~~~~~~~^^^^^^^^^^^^^^^^^^^^^^^^^^^^^^^
  File "/workspace/bigteam_new/venv/lib/python3.13/site-packages/django/urls/resolvers.py", line 828, in _reverse_with_prefix
    raise NoReverseMatch(msg)
django.urls.exceptions.NoReverseMatch: Reverse for '' not found. '' is not a valid view function or pattern name.
ERROR 2025-07-10 21:24:47,702 basehttp 4664 139115645884096 "GET / HTTP/1.1" 500 140119
INFO 2025-07-10 21:26:16,886 autoreload 4976 129531430125824 Watching for file changes with StatReloader
ERROR 2025-07-10 21:26:25,295 log 4976 129531378955968 Internal Server Error: /
Traceback (most recent call last):
  File "/workspace/bigteam_new/venv/lib/python3.13/site-packages/django/core/handlers/exception.py", line 55, in inner
    response = get_response(request)
  File "/workspace/bigteam_new/venv/lib/python3.13/site-packages/django/core/handlers/base.py", line 197, in _get_response
    response = wrapped_callback(request, *callback_args, **callback_kwargs)
  File "/workspace/bigteam_new/commits/views.py", line 17, in home
    return render(request, 'home.html', {
        'projects': projects,
    })
  File "/workspace/bigteam_new/venv/lib/python3.13/site-packages/django/shortcuts.py", line 24, in render
    content = loader.render_to_string(template_name, context, request, using=using)
  File "/workspace/bigteam_new/venv/lib/python3.13/site-packages/django/template/loader.py", line 62, in render_to_string
    return template.render(context, request)
           ~~~~~~~~~~~~~~~^^^^^^^^^^^^^^^^^^
  File "/workspace/bigteam_new/venv/lib/python3.13/site-packages/django/template/backends/django.py", line 61, in render
    return self.template.render(context)
           ~~~~~~~~~~~~~~~~~~~~^^^^^^^^^
  File "/workspace/bigteam_new/venv/lib/python3.13/site-packages/django/template/base.py", line 175, in render
    return self._render(context)
           ~~~~~~~~~~~~^^^^^^^^^
  File "/workspace/bigteam_new/venv/lib/python3.13/site-packages/django/test/utils.py", line 112, in instrumented_test_render
    return self.nodelist.render(context)
           ~~~~~~~~~~~~~~~~~~~~^^^^^^^^^
  File "/workspace/bigteam_new/venv/lib/python3.13/site-packages/django/template/base.py", line 1005, in render
    return SafeString("".join([node.render_annotated(context) for node in self]))
                               ~~~~~~~~~~~~~~~~~~~~~^^^^^^^^^
  File "/workspace/bigteam_new/venv/lib/python3.13/site-packages/django/template/base.py", line 966, in render_annotated
    return self.render(context)
           ~~~~~~~~~~~^^^^^^^^^
  File "/workspace/bigteam_new/venv/lib/python3.13/site-packages/django/template/loader_tags.py", line 157, in render
    return compiled_parent._render(context)
           ~~~~~~~~~~~~~~~~~~~~~~~^^^^^^^^^
  File "/workspace/bigteam_new/venv/lib/python3.13/site-packages/django/test/utils.py", line 112, in instrumented_test_render
    return self.nodelist.render(context)
           ~~~~~~~~~~~~~~~~~~~~^^^^^^^^^
  File "/workspace/bigteam_new/venv/lib/python3.13/site-packages/django/template/base.py", line 1005, in render
    return SafeString("".join([node.render_annotated(context) for node in self]))
                               ~~~~~~~~~~~~~~~~~~~~~^^^^^^^^^
  File "/workspace/bigteam_new/venv/lib/python3.13/site-packages/django/template/base.py", line 966, in render_annotated
    return self.render(context)
           ~~~~~~~~~~~^^^^^^^^^
  File "/workspace/bigteam_new/venv/lib/python3.13/site-packages/django/template/loader_tags.py", line 63, in render
    result = block.nodelist.render(context)
  File "/workspace/bigteam_new/venv/lib/python3.13/site-packages/django/template/base.py", line 1005, in render
    return SafeString("".join([node.render_annotated(context) for node in self]))
                               ~~~~~~~~~~~~~~~~~~~~~^^^^^^^^^
  File "/workspace/bigteam_new/venv/lib/python3.13/site-packages/django/template/base.py", line 966, in render_annotated
    return self.render(context)
           ~~~~~~~~~~~^^^^^^^^^
  File "/workspace/bigteam_new/venv/lib/python3.13/site-packages/django/template/defaulttags.py", line 471, in render
    url = reverse(view_name, args=args, kwargs=kwargs, current_app=current_app)
  File "/workspace/bigteam_new/venv/lib/python3.13/site-packages/django/urls/base.py", line 88, in reverse
    return resolver._reverse_with_prefix(view, prefix, *args, **kwargs)
           ~~~~~~~~~~~~~~~~~~~~~~~~~~~~~^^^^^^^^^^^^^^^^^^^^^^^^^^^^^^^
  File "/workspace/bigteam_new/venv/lib/python3.13/site-packages/django/urls/resolvers.py", line 828, in _reverse_with_prefix
    raise NoReverseMatch(msg)
django.urls.exceptions.NoReverseMatch: Reverse for '' not found. '' is not a valid view function or pattern name.
ERROR 2025-07-10 21:26:25,319 basehttp 4976 129531378955968 "GET / HTTP/1.1" 500 155635
INFO 2025-07-10 21:31:15,557 autoreload 5474 123976544899328 Watching for file changes with StatReloader
INFO 2025-07-10 21:31:23,616 basehttp 5474 123976493729472 "GET / HTTP/1.1" 200 17554
INFO 2025-07-10 21:31:29,845 basehttp 5474 123976493729472 "GET / HTTP/1.1" 200 17552
